记录时间：2018-12-06 20:35:42,064 线程ID:[8] 日志级别：ERROR 类：Log property:[(null)] - 描述：程序启动
记录时间：2018-12-06 20:35:45,586 线程ID:[8] 日志级别：ERROR 类：Log property:[(null)] - 描述：2018/12/6 20:35:45:设备10.5.32.202上线....
记录时间：2018-12-06 20:35:45,696 线程ID:[8] 日志级别：ERROR 类：Log property:[(null)] - 描述：2018/12/6 20:35:45:设备10.5.32.132上线....
记录时间：2018-12-06 20:35:45,816 线程ID:[8] 日志级别：ERROR 类：Log property:[(null)] - 描述：2018/12/6 20:35:45:设备10.5.32.132上线....
记录时间：2018-12-06 20:35:45,817 线程ID:[8] 日志级别：ERROR 类：Log property:[(null)] - 描述：2018/12/6 20:35:45:设备10.5.32.132上线....
记录时间：2018-12-06 20:36:15,915 线程ID:[8] 日志级别：ERROR 类：Log property:[(null)] - 描述：2018/12/6 20:36:15:设备10.5.32.202上线....
记录时间：2018-12-06 20:36:18,070 线程ID:[8] 日志级别：ERROR 类：Log property:[(null)] - 描述：2018/12/6 20:36:18:收到10.5.32.202ClientSendReady的请求
记录时间：2018-12-06 20:36:18,073 线程ID:[8] 日志级别：ERROR 类：Log property:[(null)] - 描述：2018/12/6 20:36:18:向客户端回复10.5.32.202ReceiveClientReady的请求
记录时间：2018-12-06 20:36:24,820 线程ID:[8] 日志级别：ERROR 类：Log property:[(null)] - 描述：2018/12/6 20:36:24:Begin-------------

记录时间：2018-12-06 20:36:24,821 线程ID:[8] 日志级别：ERROR 类：Log property:[(null)] - 描述：2018/12/6 20:36:24:优先处理送料区

记录时间：2018-12-06 20:36:24,824 线程ID:[8] 日志级别：ERROR 类：Log property:[(null)] - 描述：2018/12/6 20:36:24:2018/12/6 20:36:24:开始去送料区抓取产品

记录时间：2018-12-06 20:36:25,825 线程ID:[8] 日志级别：ERROR 类：Log property:[(null)] - 描述：2018/12/6 20:36:25:从送料区抓取设备

记录时间：2018-12-06 20:36:43,832 线程ID:[8] 日志级别：ERROR 类：Log property:[(null)] - 描述：2018/12/6 20:36:43:开始扫描条码

记录时间：2018-12-06 20:36:58,542 线程ID:[8] 日志级别：ERROR 类：Log property:[(null)] - 描述：2018/12/6 20:36:58:当前扫描条码:H0699232610-17331K1099

记录时间：2018-12-06 20:37:07,645 线程ID:[8] 日志级别：ERROR 类：Log property:[(null)] - 描述：2018/12/6 20:37:07:扫描条码结束

记录时间：2018-12-06 20:37:07,694 线程ID:[8] 日志级别：ERROR 类：Log property:[(null)] - 描述：2018/12/6 20:37:07:2018/12/6 20:37:07:当前设备为2A,需要换台FCT继续测试,条码:H0699232610-17331K1099

记录时间：2018-12-06 20:37:07,695 线程ID:[8] 日志级别：ERROR 类：Log property:[(null)] - 描述：2018/12/6 20:37:07:2018/12/6 20:37:07:MES请求信息:SENTRY-T2-5,H0699232610-17331K1099,1,M009287,SENTRY,,OK,,,结果:OK1,REWORK=0 RETEST=2A

记录时间：2018-12-06 20:37:07,728 线程ID:[8] 日志级别：ERROR 类：Log property:[(null)] - 描述：2018/12/6 20:37:07:2A-MES请求信息:SENTRY-T2-5,H0699232610-17331K1099,7,M009287,SENTRY,,OK,1A_STATION=???返回结果:OK7,1A_STATION=MC3300-SYS-T2-1

记录时间：2018-12-06 20:37:07,729 线程ID:[8] 日志级别：ERROR 类：Log property:[(null)] - 描述：2018/12/6 20:37:07:2018/12/6 20:37:07:直接移动到FCT

记录时间：2018-12-06 20:37:07,730 线程ID:[8] 日志级别：ERROR 类：Log property:[(null)] - 描述：2018/12/6 20:37:07:2018/12/6 20:37:07:不用旋转，直接放置到新机台

记录时间：2018-12-06 20:37:07,731 线程ID:[8] 日志级别：ERROR 类：Log property:[(null)] - 描述：2018/12/6 20:37:07:2018/12/6 20:37:07:2A产品，换一个机台到测试，新机台IP:10.5.32.202,Code:MC3300-SYS-T2-2

记录时间：2018-12-06 20:37:25,732 线程ID:[8] 日志级别：ERROR 类：Log property:[(null)] - 描述：2018/12/6 20:37:25:2018/12/6 20:37:25:向客户端发送ServerPlaceDevice放置命令

记录时间：2018-12-06 20:37:25,733 线程ID:[8] 日志级别：ERROR 类：Log property:[(null)] - 描述：2018/12/6 20:37:25:2018/12/6 20:37:25:移动到结束

记录时间：2018-12-06 20:37:25,735 线程ID:[8] 日志级别：ERROR 类：Log property:[(null)] - 描述：2018/12/6 20:37:25:向client10.5.32.202发送放置:ServerPlaceDevice8--H0699232610-17331K1099
记录时间：2018-12-06 20:37:25,735 线程ID:[8] 日志级别：ERROR 类：Log property:[(null)] - 描述：2018/12/6 20:37:25:End-------------

记录时间：2018-12-06 20:37:28,733 线程ID:[8] 日志级别：ERROR 类：Log property:[(null)] - 描述：2018/12/6 20:37:28:没有设备可以抓取,回到原点

记录时间：2018-12-06 20:37:28,734 线程ID:[8] 日志级别：ERROR 类：Log property:[(null)] - 描述：2018/12/6 20:37:28:Begin-------------

记录时间：2018-12-06 20:37:31,235 线程ID:[8] 日志级别：ERROR 类：Log property:[(null)] - 描述：2018/12/6 20:37:31:End-------------

记录时间：2018-12-06 20:37:34,235 线程ID:[8] 日志级别：ERROR 类：Log property:[(null)] - 描述：2018/12/6 20:37:34:没有设备可以抓取,回到原点

记录时间：2018-12-06 20:37:34,236 线程ID:[8] 日志级别：ERROR 类：Log property:[(null)] - 描述：2018/12/6 20:37:34:Begin-------------

记录时间：2018-12-06 20:37:36,738 线程ID:[8] 日志级别：ERROR 类：Log property:[(null)] - 描述：2018/12/6 20:37:36:End-------------

记录时间：2018-12-06 20:37:39,738 线程ID:[8] 日志级别：ERROR 类：Log property:[(null)] - 描述：2018/12/6 20:37:39:没有设备可以抓取,回到原点

记录时间：2018-12-06 20:37:39,739 线程ID:[8] 日志级别：ERROR 类：Log property:[(null)] - 描述：2018/12/6 20:37:39:Begin-------------

记录时间：2018-12-06 20:37:42,239 线程ID:[8] 日志级别：ERROR 类：Log property:[(null)] - 描述：2018/12/6 20:37:42:End-------------

记录时间：2018-12-06 20:37:45,239 线程ID:[8] 日志级别：ERROR 类：Log property:[(null)] - 描述：2018/12/6 20:37:45:没有设备可以抓取,回到原点

记录时间：2018-12-06 20:37:45,239 线程ID:[8] 日志级别：ERROR 类：Log property:[(null)] - 描述：2018/12/6 20:37:45:Begin-------------

记录时间：2018-12-06 20:37:47,741 线程ID:[8] 日志级别：ERROR 类：Log property:[(null)] - 描述：2018/12/6 20:37:47:End-------------

记录时间：2018-12-06 20:37:50,741 线程ID:[8] 日志级别：ERROR 类：Log property:[(null)] - 描述：2018/12/6 20:37:50:没有设备可以抓取,回到原点

记录时间：2018-12-06 20:37:50,743 线程ID:[8] 日志级别：ERROR 类：Log property:[(null)] - 描述：2018/12/6 20:37:50:Begin-------------

记录时间：2018-12-06 20:37:53,244 线程ID:[8] 日志级别：ERROR 类：Log property:[(null)] - 描述：2018/12/6 20:37:53:End-------------

记录时间：2018-12-06 20:37:56,244 线程ID:[8] 日志级别：ERROR 类：Log property:[(null)] - 描述：2018/12/6 20:37:56:没有设备可以抓取,回到原点

记录时间：2018-12-06 20:37:56,245 线程ID:[8] 日志级别：ERROR 类：Log property:[(null)] - 描述：2018/12/6 20:37:56:Begin-------------

记录时间：2018-12-06 20:37:58,745 线程ID:[8] 日志级别：ERROR 类：Log property:[(null)] - 描述：2018/12/6 20:37:58:End-------------

记录时间：2018-12-06 20:38:01,745 线程ID:[8] 日志级别：ERROR 类：Log property:[(null)] - 描述：2018/12/6 20:38:01:没有设备可以抓取,回到原点

记录时间：2018-12-06 20:38:01,746 线程ID:[8] 日志级别：ERROR 类：Log property:[(null)] - 描述：2018/12/6 20:38:01:Begin-------------

记录时间：2018-12-06 20:38:04,247 线程ID:[8] 日志级别：ERROR 类：Log property:[(null)] - 描述：2018/12/6 20:38:04:End-------------

记录时间：2018-12-06 20:38:07,247 线程ID:[8] 日志级别：ERROR 类：Log property:[(null)] - 描述：2018/12/6 20:38:07:没有设备可以抓取,回到原点

记录时间：2018-12-06 20:38:07,248 线程ID:[8] 日志级别：ERROR 类：Log property:[(null)] - 描述：2018/12/6 20:38:07:Begin-------------

记录时间：2018-12-06 20:38:09,750 线程ID:[8] 日志级别：ERROR 类：Log property:[(null)] - 描述：2018/12/6 20:38:09:End-------------

记录时间：2018-12-06 20:38:12,750 线程ID:[8] 日志级别：ERROR 类：Log property:[(null)] - 描述：2018/12/6 20:38:12:没有设备可以抓取,回到原点

记录时间：2018-12-06 20:38:12,751 线程ID:[8] 日志级别：ERROR 类：Log property:[(null)] - 描述：2018/12/6 20:38:12:Begin-------------

记录时间：2018-12-06 20:38:15,251 线程ID:[8] 日志级别：ERROR 类：Log property:[(null)] - 描述：2018/12/6 20:38:15:End-------------

记录时间：2018-12-06 20:38:18,251 线程ID:[8] 日志级别：ERROR 类：Log property:[(null)] - 描述：2018/12/6 20:38:18:Begin-------------

记录时间：2018-12-06 20:38:18,252 线程ID:[8] 日志级别：ERROR 类：Log property:[(null)] - 描述：2018/12/6 20:38:18:没有设备可以抓取,回到原点

记录时间：2018-12-06 20:38:20,753 线程ID:[8] 日志级别：ERROR 类：Log property:[(null)] - 描述：2018/12/6 20:38:20:End-------------

记录时间：2018-12-06 20:38:23,753 线程ID:[8] 日志级别：ERROR 类：Log property:[(null)] - 描述：2018/12/6 20:38:23:没有设备可以抓取,回到原点

记录时间：2018-12-06 20:38:23,754 线程ID:[8] 日志级别：ERROR 类：Log property:[(null)] - 描述：2018/12/6 20:38:23:Begin-------------

记录时间：2018-12-06 20:38:26,255 线程ID:[8] 日志级别：ERROR 类：Log property:[(null)] - 描述：2018/12/6 20:38:26:End-------------

记录时间：2018-12-06 20:38:29,256 线程ID:[8] 日志级别：ERROR 类：Log property:[(null)] - 描述：2018/12/6 20:38:29:Begin-------------

记录时间：2018-12-06 20:38:29,257 线程ID:[8] 日志级别：ERROR 类：Log property:[(null)] - 描述：2018/12/6 20:38:29:没有设备可以抓取,回到原点

记录时间：2018-12-06 20:38:31,757 线程ID:[8] 日志级别：ERROR 类：Log property:[(null)] - 描述：2018/12/6 20:38:31:End-------------

记录时间：2018-12-06 20:38:34,757 线程ID:[8] 日志级别：ERROR 类：Log property:[(null)] - 描述：2018/12/6 20:38:34:没有设备可以抓取,回到原点

记录时间：2018-12-06 20:38:34,758 线程ID:[8] 日志级别：ERROR 类：Log property:[(null)] - 描述：2018/12/6 20:38:34:Begin-------------

记录时间：2018-12-06 20:38:37,259 线程ID:[8] 日志级别：ERROR 类：Log property:[(null)] - 描述：2018/12/6 20:38:37:End-------------

记录时间：2018-12-06 20:38:40,259 线程ID:[8] 日志级别：ERROR 类：Log property:[(null)] - 描述：2018/12/6 20:38:40:没有设备可以抓取,回到原点

记录时间：2018-12-06 20:38:40,260 线程ID:[8] 日志级别：ERROR 类：Log property:[(null)] - 描述：2018/12/6 20:38:40:Begin-------------

记录时间：2018-12-06 20:38:42,761 线程ID:[8] 日志级别：ERROR 类：Log property:[(null)] - 描述：2018/12/6 20:38:42:End-------------

记录时间：2018-12-06 20:38:45,762 线程ID:[8] 日志级别：ERROR 类：Log property:[(null)] - 描述：2018/12/6 20:38:45:没有设备可以抓取,回到原点

记录时间：2018-12-06 20:38:45,762 线程ID:[8] 日志级别：ERROR 类：Log property:[(null)] - 描述：2018/12/6 20:38:45:Begin-------------

记录时间：2018-12-06 20:38:48,263 线程ID:[8] 日志级别：ERROR 类：Log property:[(null)] - 描述：2018/12/6 20:38:48:End-------------

记录时间：2018-12-06 20:38:51,263 线程ID:[8] 日志级别：ERROR 类：Log property:[(null)] - 描述：2018/12/6 20:38:51:没有设备可以抓取,回到原点

记录时间：2018-12-06 20:38:51,264 线程ID:[8] 日志级别：ERROR 类：Log property:[(null)] - 描述：2018/12/6 20:38:51:Begin-------------

记录时间：2018-12-06 20:38:53,765 线程ID:[8] 日志级别：ERROR 类：Log property:[(null)] - 描述：2018/12/6 20:38:53:End-------------

记录时间：2018-12-06 20:38:56,765 线程ID:[8] 日志级别：ERROR 类：Log property:[(null)] - 描述：2018/12/6 20:38:56:没有设备可以抓取,回到原点

记录时间：2018-12-06 20:38:56,765 线程ID:[8] 日志级别：ERROR 类：Log property:[(null)] - 描述：2018/12/6 20:38:56:Begin-------------

记录时间：2018-12-06 20:38:59,267 线程ID:[8] 日志级别：ERROR 类：Log property:[(null)] - 描述：2018/12/6 20:38:59:End-------------

记录时间：2018-12-06 20:39:02,268 线程ID:[8] 日志级别：ERROR 类：Log property:[(null)] - 描述：2018/12/6 20:39:02:没有设备可以抓取,回到原点

记录时间：2018-12-06 20:39:02,269 线程ID:[8] 日志级别：ERROR 类：Log property:[(null)] - 描述：2018/12/6 20:39:02:Begin-------------

记录时间：2018-12-06 20:39:04,769 线程ID:[8] 日志级别：ERROR 类：Log property:[(null)] - 描述：2018/12/6 20:39:04:End-------------

记录时间：2018-12-06 20:39:07,769 线程ID:[8] 日志级别：ERROR 类：Log property:[(null)] - 描述：2018/12/6 20:39:07:没有设备可以抓取,回到原点

记录时间：2018-12-06 20:39:07,769 线程ID:[8] 日志级别：ERROR 类：Log property:[(null)] - 描述：2018/12/6 20:39:07:Begin-------------

记录时间：2018-12-06 20:39:10,271 线程ID:[8] 日志级别：ERROR 类：Log property:[(null)] - 描述：2018/12/6 20:39:10:End-------------

记录时间：2018-12-06 20:39:13,271 线程ID:[8] 日志级别：ERROR 类：Log property:[(null)] - 描述：2018/12/6 20:39:13:没有设备可以抓取,回到原点

记录时间：2018-12-06 20:39:13,272 线程ID:[8] 日志级别：ERROR 类：Log property:[(null)] - 描述：2018/12/6 20:39:13:Begin-------------

记录时间：2018-12-06 20:39:15,773 线程ID:[8] 日志级别：ERROR 类：Log property:[(null)] - 描述：2018/12/6 20:39:15:End-------------

记录时间：2018-12-06 20:39:18,773 线程ID:[8] 日志级别：ERROR 类：Log property:[(null)] - 描述：2018/12/6 20:39:18:没有设备可以抓取,回到原点

记录时间：2018-12-06 20:39:18,775 线程ID:[8] 日志级别：ERROR 类：Log property:[(null)] - 描述：2018/12/6 20:39:18:Begin-------------

记录时间：2018-12-06 20:39:21,275 线程ID:[8] 日志级别：ERROR 类：Log property:[(null)] - 描述：2018/12/6 20:39:21:End-------------

记录时间：2018-12-06 20:39:24,275 线程ID:[8] 日志级别：ERROR 类：Log property:[(null)] - 描述：2018/12/6 20:39:24:Begin-------------

记录时间：2018-12-06 20:39:24,276 线程ID:[8] 日志级别：ERROR 类：Log property:[(null)] - 描述：2018/12/6 20:39:24:没有设备可以抓取,回到原点

记录时间：2018-12-06 20:39:26,777 线程ID:[8] 日志级别：ERROR 类：Log property:[(null)] - 描述：2018/12/6 20:39:26:End-------------

记录时间：2018-12-06 20:39:29,777 线程ID:[8] 日志级别：ERROR 类：Log property:[(null)] - 描述：2018/12/6 20:39:29:没有设备可以抓取,回到原点

记录时间：2018-12-06 20:39:29,778 线程ID:[8] 日志级别：ERROR 类：Log property:[(null)] - 描述：2018/12/6 20:39:29:Begin-------------

记录时间：2018-12-06 20:39:32,279 线程ID:[8] 日志级别：ERROR 类：Log property:[(null)] - 描述：2018/12/6 20:39:32:End-------------

记录时间：2018-12-06 20:39:35,279 线程ID:[8] 日志级别：ERROR 类：Log property:[(null)] - 描述：2018/12/6 20:39:35:没有设备可以抓取,回到原点

记录时间：2018-12-06 20:39:35,280 线程ID:[8] 日志级别：ERROR 类：Log property:[(null)] - 描述：2018/12/6 20:39:35:Begin-------------

记录时间：2018-12-06 20:39:35,801 线程ID:[8] 日志级别：ERROR 类：Log property:[(null)] - 描述：2018/12/6 20:39:35:收到10.5.32.202ClientSendTestFinished的请求,H0699232610-17331K1099,FAIL
记录时间：2018-12-06 20:39:35,802 线程ID:[8] 日志级别：ERROR 类：Log property:[(null)] - 描述：2018/12/6 20:39:35:向客户端回复10.5.32.202ServerReceiveTestFinished的请求
记录时间：2018-12-06 20:39:37,783 线程ID:[8] 日志级别：ERROR 类：Log property:[(null)] - 描述：2018/12/6 20:39:37:End-------------

记录时间：2018-12-06 20:39:40,783 线程ID:[8] 日志级别：ERROR 类：Log property:[(null)] - 描述：2018/12/6 20:39:40:优先处理TestPc设备

记录时间：2018-12-06 20:39:40,784 线程ID:[8] 日志级别：ERROR 类：Log property:[(null)] - 描述：2018/12/6 20:39:40:Begin-------------

记录时间：2018-12-06 20:39:40,787 线程ID:[8] 日志级别：ERROR 类：Log property:[(null)] - 描述：2018/12/6 20:39:40:2018/12/6 20:39:40:开始处理TestPc10.5.32.202结果

记录时间：2018-12-06 20:39:40,788 线程ID:[8] 日志级别：ERROR 类：Log property:[(null)] - 描述：2018/12/6 20:39:40:2018/12/6 20:39:40:选择去testpc抓取产品:MC3300-SYS-T2-2

记录时间：2018-12-06 20:39:40,789 线程ID:[8] 日志级别：ERROR 类：Log property:[(null)] - 描述：2018/12/6 20:39:40:2018/12/6 20:39:40:处理testpc结果的时候,,送料区没有产品的逻辑

记录时间：2018-12-06 20:39:40,789 线程ID:[8] 日志级别：ERROR 类：Log property:[(null)] - 描述：2018/12/6 20:39:40:2018/12/6 20:39:40:1A区中没有设备的时候，判断送料区是否有产品，处理testpc结果，

记录时间：2018-12-06 20:39:59,294 线程ID:[8] 日志级别：ERROR 类：Log property:[(null)] - 描述：2018/12/6 20:39:59:2018/12/6 20:39:59:去机台抓取并放置产品结束MC3300-SYS-T2-2

记录时间：2018-12-06 20:39:59,297 线程ID:[8] 日志级别：ERROR 类：Log property:[(null)] - 描述：2018/12/6 20:39:59:向client10.5.32.202发送取走:ServerTakeDevice11--
记录时间：2018-12-06 20:39:59,297 线程ID:[8] 日志级别：ERROR 类：Log property:[(null)] - 描述：2018/12/6 20:39:59:2018/12/6 20:39:59:向fctMC3300-SYS-T2-2发送ServerTakeDevice消息

记录时间：2018-12-06 20:39:59,298 线程ID:[8] 日志级别：ERROR 类：Log property:[(null)] - 描述：2018/12/6 20:39:59:2018/12/6 20:39:59:testpc返回的结果为fail,需要判断是放置到1A还是2A

记录时间：2018-12-06 20:39:59,327 线程ID:[8] 日志级别：ERROR 类：Log property:[(null)] - 描述：2018/12/6 20:39:59:收到10.5.32.202ClientSendResult的请求,H0699232610-17331K1099,FAIL
记录时间：2018-12-06 20:39:59,328 线程ID:[8] 日志级别：ERROR 类：Log property:[(null)] - 描述：2018/12/6 20:39:59:收到10.5.32.202ClientSendResult的请求,H0699232610-17331K1099,FAIL
记录时间：2018-12-06 20:39:59,350 线程ID:[8] 日志级别：ERROR 类：Log property:[(null)] - 描述：2018/12/6 20:39:59:2A-RESULT-MES请求信息:SENTRY-T2-5,H0699232610-17331K1099,1,M009287,SENTRY,,OK,,返回结果:FAIL1,DIALOG=T2 OK. T2 FAIL AND GOTO T2R TO REPAIR

记录时间：2018-12-06 20:39:59,352 线程ID:[8] 日志级别：ERROR 类：Log property:[(null)] - 描述：2018/12/6 20:39:59:向客户端回复:10.5.32.202SeverReceiveResult的请求,
记录时间：2018-12-06 20:39:59,352 线程ID:[8] 日志级别：ERROR 类：Log property:[(null)] - 描述：2018/12/6 20:39:59:2018/12/6 20:39:59:移动到NG区域

记录时间：2018-12-06 20:39:59,353 线程ID:[8] 日志级别：ERROR 类：Log property:[(null)] - 描述：2018/12/6 20:39:59:放置到2A区域

记录时间：2018-12-06 20:40:04,852 线程ID:[8] 日志级别：ERROR 类：Log property:[(null)] - 描述：2018/12/6 20:40:04:2018/12/6 20:40:04:移动到2A

记录时间：2018-12-06 20:40:20,854 线程ID:[8] 日志级别：ERROR 类：Log property:[(null)] - 描述：2018/12/6 20:40:20:2018/12/6 20:40:20:回到原点

记录时间：2018-12-06 20:40:21,856 线程ID:[8] 日志级别：ERROR 类：Log property:[(null)] - 描述：2018/12/6 20:40:21:End-------------

记录时间：2018-12-06 20:40:24,856 线程ID:[8] 日志级别：ERROR 类：Log property:[(null)] - 描述：2018/12/6 20:40:24:没有设备可以抓取,回到原点

记录时间：2018-12-06 20:40:24,857 线程ID:[8] 日志级别：ERROR 类：Log property:[(null)] - 描述：2018/12/6 20:40:24:Begin-------------

记录时间：2018-12-06 20:40:27,357 线程ID:[8] 日志级别：ERROR 类：Log property:[(null)] - 描述：2018/12/6 20:40:27:End-------------

记录时间：2018-12-06 20:40:30,358 线程ID:[8] 日志级别：ERROR 类：Log property:[(null)] - 描述：2018/12/6 20:40:30:没有设备可以抓取,回到原点

记录时间：2018-12-06 20:40:30,359 线程ID:[8] 日志级别：ERROR 类：Log property:[(null)] - 描述：2018/12/6 20:40:30:Begin-------------

记录时间：2018-12-06 20:40:32,859 线程ID:[8] 日志级别：ERROR 类：Log property:[(null)] - 描述：2018/12/6 20:40:32:End-------------

记录时间：2018-12-06 20:40:35,859 线程ID:[8] 日志级别：ERROR 类：Log property:[(null)] - 描述：2018/12/6 20:40:35:没有设备可以抓取,回到原点

记录时间：2018-12-06 20:40:35,860 线程ID:[8] 日志级别：ERROR 类：Log property:[(null)] - 描述：2018/12/6 20:40:35:Begin-------------

记录时间：2018-12-06 20:40:38,361 线程ID:[8] 日志级别：ERROR 类：Log property:[(null)] - 描述：2018/12/6 20:40:38:End-------------

记录时间：2018-12-06 20:40:41,361 线程ID:[8] 日志级别：ERROR 类：Log property:[(null)] - 描述：2018/12/6 20:40:41:没有设备可以抓取,回到原点

记录时间：2018-12-06 20:40:41,362 线程ID:[8] 日志级别：ERROR 类：Log property:[(null)] - 描述：2018/12/6 20:40:41:Begin-------------

记录时间：2018-12-06 20:40:43,862 线程ID:[8] 日志级别：ERROR 类：Log property:[(null)] - 描述：2018/12/6 20:40:43:End-------------

记录时间：2018-12-06 20:40:46,863 线程ID:[8] 日志级别：ERROR 类：Log property:[(null)] - 描述：2018/12/6 20:40:46:没有设备可以抓取,回到原点

记录时间：2018-12-06 20:40:46,864 线程ID:[8] 日志级别：ERROR 类：Log property:[(null)] - 描述：2018/12/6 20:40:46:Begin-------------

记录时间：2018-12-06 20:40:49,365 线程ID:[8] 日志级别：ERROR 类：Log property:[(null)] - 描述：2018/12/6 20:40:49:End-------------

记录时间：2018-12-06 20:40:52,365 线程ID:[8] 日志级别：ERROR 类：Log property:[(null)] - 描述：2018/12/6 20:40:52:Begin-------------

记录时间：2018-12-06 20:40:52,366 线程ID:[8] 日志级别：ERROR 类：Log property:[(null)] - 描述：2018/12/6 20:40:52:End-------------

记录时间：2018-12-06 20:40:52,366 线程ID:[8] 日志级别：ERROR 类：Log property:[(null)] - 描述：2018/12/6 20:40:52:2018/12/6 20:40:52:开始去送料区抓取产品

记录时间：2018-12-06 20:40:52,367 线程ID:[8] 日志级别：ERROR 类：Log property:[(null)] - 描述：2018/12/6 20:40:52:优先处理送料区

记录时间：2018-12-06 20:40:55,365 线程ID:[8] 日志级别：ERROR 类：Log property:[(null)] - 描述：2018/12/6 20:40:55:Begin-------------

记录时间：2018-12-06 20:40:55,366 线程ID:[8] 日志级别：ERROR 类：Log property:[(null)] - 描述：2018/12/6 20:40:55:End-------------

记录时间：2018-12-06 20:40:55,366 线程ID:[8] 日志级别：ERROR 类：Log property:[(null)] - 描述：2018/12/6 20:40:55:2018/12/6 20:40:55:开始去送料区抓取产品

记录时间：2018-12-06 20:40:55,367 线程ID:[8] 日志级别：ERROR 类：Log property:[(null)] - 描述：2018/12/6 20:40:55:优先处理送料区

记录时间：2018-12-06 20:40:58,365 线程ID:[8] 日志级别：ERROR 类：Log property:[(null)] - 描述：2018/12/6 20:40:58:End-------------

记录时间：2018-12-06 20:40:58,366 线程ID:[8] 日志级别：ERROR 类：Log property:[(null)] - 描述：2018/12/6 20:40:58:2018/12/6 20:40:58:开始去送料区抓取产品

记录时间：2018-12-06 20:40:58,367 线程ID:[8] 日志级别：ERROR 类：Log property:[(null)] - 描述：2018/12/6 20:40:58:优先处理送料区

记录时间：2018-12-06 20:40:58,367 线程ID:[8] 日志级别：ERROR 类：Log property:[(null)] - 描述：2018/12/6 20:40:58:Begin-------------

记录时间：2018-12-06 20:41:01,365 线程ID:[8] 日志级别：ERROR 类：Log property:[(null)] - 描述：2018/12/6 20:41:01:End-------------

记录时间：2018-12-06 20:41:01,366 线程ID:[8] 日志级别：ERROR 类：Log property:[(null)] - 描述：2018/12/6 20:41:01:2018/12/6 20:41:01:开始去送料区抓取产品

记录时间：2018-12-06 20:41:01,367 线程ID:[8] 日志级别：ERROR 类：Log property:[(null)] - 描述：2018/12/6 20:41:01:优先处理送料区

记录时间：2018-12-06 20:41:01,367 线程ID:[8] 日志级别：ERROR 类：Log property:[(null)] - 描述：2018/12/6 20:41:01:Begin-------------

记录时间：2018-12-06 20:41:04,366 线程ID:[8] 日志级别：ERROR 类：Log property:[(null)] - 描述：2018/12/6 20:41:04:End-------------

记录时间：2018-12-06 20:41:04,367 线程ID:[8] 日志级别：ERROR 类：Log property:[(null)] - 描述：2018/12/6 20:41:04:2018/12/6 20:41:04:开始去送料区抓取产品

记录时间：2018-12-06 20:41:04,368 线程ID:[8] 日志级别：ERROR 类：Log property:[(null)] - 描述：2018/12/6 20:41:04:优先处理送料区

记录时间：2018-12-06 20:41:04,369 线程ID:[8] 日志级别：ERROR 类：Log property:[(null)] - 描述：2018/12/6 20:41:04:Begin-------------

记录时间：2018-12-06 20:41:07,366 线程ID:[8] 日志级别：ERROR 类：Log property:[(null)] - 描述：2018/12/6 20:41:07:End-------------

记录时间：2018-12-06 20:41:07,367 线程ID:[8] 日志级别：ERROR 类：Log property:[(null)] - 描述：2018/12/6 20:41:07:2018/12/6 20:41:07:开始去送料区抓取产品

记录时间：2018-12-06 20:41:07,367 线程ID:[8] 日志级别：ERROR 类：Log property:[(null)] - 描述：2018/12/6 20:41:07:优先处理送料区

记录时间：2018-12-06 20:41:07,368 线程ID:[8] 日志级别：ERROR 类：Log property:[(null)] - 描述：2018/12/6 20:41:07:Begin-------------

记录时间：2018-12-06 20:41:10,366 线程ID:[8] 日志级别：ERROR 类：Log property:[(null)] - 描述：2018/12/6 20:41:10:End-------------

记录时间：2018-12-06 20:41:10,367 线程ID:[8] 日志级别：ERROR 类：Log property:[(null)] - 描述：2018/12/6 20:41:10:2018/12/6 20:41:10:开始去送料区抓取产品

记录时间：2018-12-06 20:41:10,368 线程ID:[8] 日志级别：ERROR 类：Log property:[(null)] - 描述：2018/12/6 20:41:10:优先处理送料区

记录时间：2018-12-06 20:41:10,369 线程ID:[8] 日志级别：ERROR 类：Log property:[(null)] - 描述：2018/12/6 20:41:10:Begin-------------

记录时间：2018-12-06 20:41:13,366 线程ID:[8] 日志级别：ERROR 类：Log property:[(null)] - 描述：2018/12/6 20:41:13:End-------------

记录时间：2018-12-06 20:41:13,366 线程ID:[8] 日志级别：ERROR 类：Log property:[(null)] - 描述：2018/12/6 20:41:13:2018/12/6 20:41:13:开始去送料区抓取产品

记录时间：2018-12-06 20:41:13,367 线程ID:[8] 日志级别：ERROR 类：Log property:[(null)] - 描述：2018/12/6 20:41:13:优先处理送料区

记录时间：2018-12-06 20:41:13,367 线程ID:[8] 日志级别：ERROR 类：Log property:[(null)] - 描述：2018/12/6 20:41:13:Begin-------------

记录时间：2018-12-06 20:41:16,366 线程ID:[8] 日志级别：ERROR 类：Log property:[(null)] - 描述：2018/12/6 20:41:16:End-------------

记录时间：2018-12-06 20:41:16,366 线程ID:[8] 日志级别：ERROR 类：Log property:[(null)] - 描述：2018/12/6 20:41:16:2018/12/6 20:41:16:开始去送料区抓取产品

记录时间：2018-12-06 20:41:16,366 线程ID:[8] 日志级别：ERROR 类：Log property:[(null)] - 描述：2018/12/6 20:41:16:优先处理送料区

记录时间：2018-12-06 20:41:16,367 线程ID:[8] 日志级别：ERROR 类：Log property:[(null)] - 描述：2018/12/6 20:41:16:Begin-------------

记录时间：2018-12-06 20:41:19,366 线程ID:[8] 日志级别：ERROR 类：Log property:[(null)] - 描述：2018/12/6 20:41:19:End-------------

记录时间：2018-12-06 20:41:19,366 线程ID:[8] 日志级别：ERROR 类：Log property:[(null)] - 描述：2018/12/6 20:41:19:2018/12/6 20:41:19:开始去送料区抓取产品

记录时间：2018-12-06 20:41:19,366 线程ID:[8] 日志级别：ERROR 类：Log property:[(null)] - 描述：2018/12/6 20:41:19:优先处理送料区

记录时间：2018-12-06 20:41:19,367 线程ID:[8] 日志级别：ERROR 类：Log property:[(null)] - 描述：2018/12/6 20:41:19:Begin-------------

记录时间：2018-12-06 20:41:22,367 线程ID:[8] 日志级别：ERROR 类：Log property:[(null)] - 描述：2018/12/6 20:41:22:End-------------

记录时间：2018-12-06 20:41:22,367 线程ID:[8] 日志级别：ERROR 类：Log property:[(null)] - 描述：2018/12/6 20:41:22:2018/12/6 20:41:22:开始去送料区抓取产品

记录时间：2018-12-06 20:41:22,367 线程ID:[8] 日志级别：ERROR 类：Log property:[(null)] - 描述：2018/12/6 20:41:22:优先处理送料区

记录时间：2018-12-06 20:41:22,368 线程ID:[8] 日志级别：ERROR 类：Log property:[(null)] - 描述：2018/12/6 20:41:22:Begin-------------

记录时间：2018-12-06 20:41:25,367 线程ID:[8] 日志级别：ERROR 类：Log property:[(null)] - 描述：2018/12/6 20:41:25:End-------------

记录时间：2018-12-06 20:41:25,367 线程ID:[8] 日志级别：ERROR 类：Log property:[(null)] - 描述：2018/12/6 20:41:25:2018/12/6 20:41:25:开始去送料区抓取产品

记录时间：2018-12-06 20:41:25,367 线程ID:[8] 日志级别：ERROR 类：Log property:[(null)] - 描述：2018/12/6 20:41:25:优先处理送料区

记录时间：2018-12-06 20:41:25,368 线程ID:[8] 日志级别：ERROR 类：Log property:[(null)] - 描述：2018/12/6 20:41:25:Begin-------------

记录时间：2018-12-06 20:41:28,367 线程ID:[8] 日志级别：ERROR 类：Log property:[(null)] - 描述：2018/12/6 20:41:28:End-------------

记录时间：2018-12-06 20:41:28,367 线程ID:[8] 日志级别：ERROR 类：Log property:[(null)] - 描述：2018/12/6 20:41:28:2018/12/6 20:41:28:开始去送料区抓取产品

记录时间：2018-12-06 20:41:28,367 线程ID:[8] 日志级别：ERROR 类：Log property:[(null)] - 描述：2018/12/6 20:41:28:优先处理送料区

记录时间：2018-12-06 20:41:28,368 线程ID:[8] 日志级别：ERROR 类：Log property:[(null)] - 描述：2018/12/6 20:41:28:Begin-------------

记录时间：2018-12-06 20:41:31,367 线程ID:[8] 日志级别：ERROR 类：Log property:[(null)] - 描述：2018/12/6 20:41:31:End-------------

记录时间：2018-12-06 20:41:31,367 线程ID:[8] 日志级别：ERROR 类：Log property:[(null)] - 描述：2018/12/6 20:41:31:2018/12/6 20:41:31:开始去送料区抓取产品

记录时间：2018-12-06 20:41:31,367 线程ID:[8] 日志级别：ERROR 类：Log property:[(null)] - 描述：2018/12/6 20:41:31:优先处理送料区

记录时间：2018-12-06 20:41:31,368 线程ID:[8] 日志级别：ERROR 类：Log property:[(null)] - 描述：2018/12/6 20:41:31:Begin-------------

记录时间：2018-12-06 20:41:34,367 线程ID:[8] 日志级别：ERROR 类：Log property:[(null)] - 描述：2018/12/6 20:41:34:End-------------

记录时间：2018-12-06 20:41:34,367 线程ID:[8] 日志级别：ERROR 类：Log property:[(null)] - 描述：2018/12/6 20:41:34:2018/12/6 20:41:34:开始去送料区抓取产品

记录时间：2018-12-06 20:41:34,367 线程ID:[8] 日志级别：ERROR 类：Log property:[(null)] - 描述：2018/12/6 20:41:34:优先处理送料区

记录时间：2018-12-06 20:41:34,368 线程ID:[8] 日志级别：ERROR 类：Log property:[(null)] - 描述：2018/12/6 20:41:34:Begin-------------

记录时间：2018-12-06 20:41:37,367 线程ID:[8] 日志级别：ERROR 类：Log property:[(null)] - 描述：2018/12/6 20:41:37:End-------------

记录时间：2018-12-06 20:41:37,367 线程ID:[8] 日志级别：ERROR 类：Log property:[(null)] - 描述：2018/12/6 20:41:37:2018/12/6 20:41:37:开始去送料区抓取产品

记录时间：2018-12-06 20:41:37,367 线程ID:[8] 日志级别：ERROR 类：Log property:[(null)] - 描述：2018/12/6 20:41:37:优先处理送料区

记录时间：2018-12-06 20:41:37,368 线程ID:[8] 日志级别：ERROR 类：Log property:[(null)] - 描述：2018/12/6 20:41:37:Begin-------------

记录时间：2018-12-06 20:41:40,368 线程ID:[8] 日志级别：ERROR 类：Log property:[(null)] - 描述：2018/12/6 20:41:40:End-------------

记录时间：2018-12-06 20:41:40,369 线程ID:[8] 日志级别：ERROR 类：Log property:[(null)] - 描述：2018/12/6 20:41:40:2018/12/6 20:41:40:开始去送料区抓取产品

记录时间：2018-12-06 20:41:40,370 线程ID:[8] 日志级别：ERROR 类：Log property:[(null)] - 描述：2018/12/6 20:41:40:优先处理送料区

记录时间：2018-12-06 20:41:40,371 线程ID:[8] 日志级别：ERROR 类：Log property:[(null)] - 描述：2018/12/6 20:41:40:Begin-------------

记录时间：2018-12-06 20:41:43,368 线程ID:[8] 日志级别：ERROR 类：Log property:[(null)] - 描述：2018/12/6 20:41:43:End-------------

记录时间：2018-12-06 20:41:43,370 线程ID:[8] 日志级别：ERROR 类：Log property:[(null)] - 描述：2018/12/6 20:41:43:2018/12/6 20:41:43:开始去送料区抓取产品

记录时间：2018-12-06 20:41:43,371 线程ID:[8] 日志级别：ERROR 类：Log property:[(null)] - 描述：2018/12/6 20:41:43:优先处理送料区

记录时间：2018-12-06 20:41:43,371 线程ID:[8] 日志级别：ERROR 类：Log property:[(null)] - 描述：2018/12/6 20:41:43:Begin-------------

记录时间：2018-12-06 20:41:46,368 线程ID:[8] 日志级别：ERROR 类：Log property:[(null)] - 描述：2018/12/6 20:41:46:End-------------

记录时间：2018-12-06 20:41:46,368 线程ID:[8] 日志级别：ERROR 类：Log property:[(null)] - 描述：2018/12/6 20:41:46:2018/12/6 20:41:46:开始去送料区抓取产品

记录时间：2018-12-06 20:41:46,369 线程ID:[8] 日志级别：ERROR 类：Log property:[(null)] - 描述：2018/12/6 20:41:46:优先处理送料区

记录时间：2018-12-06 20:41:46,370 线程ID:[8] 日志级别：ERROR 类：Log property:[(null)] - 描述：2018/12/6 20:41:46:Begin-------------

记录时间：2018-12-06 20:41:49,368 线程ID:[8] 日志级别：ERROR 类：Log property:[(null)] - 描述：2018/12/6 20:41:49:End-------------

记录时间：2018-12-06 20:41:49,369 线程ID:[8] 日志级别：ERROR 类：Log property:[(null)] - 描述：2018/12/6 20:41:49:2018/12/6 20:41:49:开始去送料区抓取产品

记录时间：2018-12-06 20:41:49,369 线程ID:[8] 日志级别：ERROR 类：Log property:[(null)] - 描述：2018/12/6 20:41:49:优先处理送料区

记录时间：2018-12-06 20:41:49,370 线程ID:[8] 日志级别：ERROR 类：Log property:[(null)] - 描述：2018/12/6 20:41:49:Begin-------------

记录时间：2018-12-06 20:41:52,368 线程ID:[8] 日志级别：ERROR 类：Log property:[(null)] - 描述：2018/12/6 20:41:52:End-------------

记录时间：2018-12-06 20:41:52,368 线程ID:[8] 日志级别：ERROR 类：Log property:[(null)] - 描述：2018/12/6 20:41:52:2018/12/6 20:41:52:开始去送料区抓取产品

记录时间：2018-12-06 20:41:52,369 线程ID:[8] 日志级别：ERROR 类：Log property:[(null)] - 描述：2018/12/6 20:41:52:优先处理送料区

记录时间：2018-12-06 20:41:52,369 线程ID:[8] 日志级别：ERROR 类：Log property:[(null)] - 描述：2018/12/6 20:41:52:Begin-------------

记录时间：2018-12-06 20:41:55,368 线程ID:[8] 日志级别：ERROR 类：Log property:[(null)] - 描述：2018/12/6 20:41:55:End-------------

记录时间：2018-12-06 20:41:55,368 线程ID:[8] 日志级别：ERROR 类：Log property:[(null)] - 描述：2018/12/6 20:41:55:2018/12/6 20:41:55:开始去送料区抓取产品

记录时间：2018-12-06 20:41:55,368 线程ID:[8] 日志级别：ERROR 类：Log property:[(null)] - 描述：2018/12/6 20:41:55:优先处理送料区

记录时间：2018-12-06 20:41:55,369 线程ID:[8] 日志级别：ERROR 类：Log property:[(null)] - 描述：2018/12/6 20:41:55:Begin-------------

记录时间：2018-12-06 20:41:58,369 线程ID:[8] 日志级别：ERROR 类：Log property:[(null)] - 描述：2018/12/6 20:41:58:End-------------

记录时间：2018-12-06 20:41:58,369 线程ID:[8] 日志级别：ERROR 类：Log property:[(null)] - 描述：2018/12/6 20:41:58:2018/12/6 20:41:58:开始去送料区抓取产品

记录时间：2018-12-06 20:41:58,369 线程ID:[8] 日志级别：ERROR 类：Log property:[(null)] - 描述：2018/12/6 20:41:58:优先处理送料区

记录时间：2018-12-06 20:41:58,370 线程ID:[8] 日志级别：ERROR 类：Log property:[(null)] - 描述：2018/12/6 20:41:58:Begin-------------

记录时间：2018-12-06 20:42:01,369 线程ID:[8] 日志级别：ERROR 类：Log property:[(null)] - 描述：2018/12/6 20:42:01:End-------------

记录时间：2018-12-06 20:42:01,369 线程ID:[8] 日志级别：ERROR 类：Log property:[(null)] - 描述：2018/12/6 20:42:01:2018/12/6 20:42:01:开始去送料区抓取产品

记录时间：2018-12-06 20:42:01,369 线程ID:[8] 日志级别：ERROR 类：Log property:[(null)] - 描述：2018/12/6 20:42:01:优先处理送料区

记录时间：2018-12-06 20:42:01,370 线程ID:[8] 日志级别：ERROR 类：Log property:[(null)] - 描述：2018/12/6 20:42:01:Begin-------------

记录时间：2018-12-06 20:42:04,369 线程ID:[8] 日志级别：ERROR 类：Log property:[(null)] - 描述：2018/12/6 20:42:04:End-------------

记录时间：2018-12-06 20:42:04,369 线程ID:[8] 日志级别：ERROR 类：Log property:[(null)] - 描述：2018/12/6 20:42:04:2018/12/6 20:42:04:开始去送料区抓取产品

记录时间：2018-12-06 20:42:04,369 线程ID:[8] 日志级别：ERROR 类：Log property:[(null)] - 描述：2018/12/6 20:42:04:优先处理送料区

记录时间：2018-12-06 20:42:04,370 线程ID:[8] 日志级别：ERROR 类：Log property:[(null)] - 描述：2018/12/6 20:42:04:Begin-------------

记录时间：2018-12-06 20:42:06,847 线程ID:[8] 日志级别：ERROR 类：Log property:[(null)] - 描述：2018/12/6 20:42:06:设备10.5.32.132上线....
记录时间：2018-12-06 20:42:07,369 线程ID:[8] 日志级别：ERROR 类：Log property:[(null)] - 描述：2018/12/6 20:42:07:End-------------

记录时间：2018-12-06 20:42:07,369 线程ID:[8] 日志级别：ERROR 类：Log property:[(null)] - 描述：2018/12/6 20:42:07:2018/12/6 20:42:07:开始去送料区抓取产品

记录时间：2018-12-06 20:42:07,369 线程ID:[8] 日志级别：ERROR 类：Log property:[(null)] - 描述：2018/12/6 20:42:07:优先处理送料区

记录时间：2018-12-06 20:42:07,370 线程ID:[8] 日志级别：ERROR 类：Log property:[(null)] - 描述：2018/12/6 20:42:07:Begin-------------

记录时间：2018-12-06 20:42:08,394 线程ID:[8] 日志级别：ERROR 类：Log property:[(null)] - 描述：2018/12/6 20:42:08:收到10.5.32.132ClientSendReady的请求
记录时间：2018-12-06 20:42:08,394 线程ID:[8] 日志级别：ERROR 类：Log property:[(null)] - 描述：2018/12/6 20:42:08:向客户端回复10.5.32.132ReceiveClientReady的请求
记录时间：2018-12-06 20:42:10,369 线程ID:[8] 日志级别：ERROR 类：Log property:[(null)] - 描述：2018/12/6 20:42:10:2018/12/6 20:42:10:开始去送料区抓取产品

记录时间：2018-12-06 20:42:10,369 线程ID:[8] 日志级别：ERROR 类：Log property:[(null)] - 描述：2018/12/6 20:42:10:优先处理送料区

记录时间：2018-12-06 20:42:10,369 线程ID:[8] 日志级别：ERROR 类：Log property:[(null)] - 描述：2018/12/6 20:42:10:Begin-------------

记录时间：2018-12-06 20:42:11,371 线程ID:[8] 日志级别：ERROR 类：Log property:[(null)] - 描述：2018/12/6 20:42:11:从送料区抓取设备

记录时间：2018-12-06 20:42:26,180 线程ID:[10] 日志级别：ERROR 类：Log property:[(null)] - 描述：程序启动
记录时间：2018-12-06 20:42:31,393 线程ID:[10] 日志级别：ERROR 类：Log property:[(null)] - 描述：2018/12/6 20:42:31:设备10.5.32.202上线....
记录时间：2018-12-06 20:42:31,394 线程ID:[10] 日志级别：ERROR 类：Log property:[(null)] - 描述：2018/12/6 20:42:31:设备10.5.32.202上线....
记录时间：2018-12-06 20:42:31,394 线程ID:[10] 日志级别：ERROR 类：Log property:[(null)] - 描述：2018/12/6 20:42:31:设备10.5.32.132上线....
记录时间：2018-12-06 20:42:31,394 线程ID:[10] 日志级别：ERROR 类：Log property:[(null)] - 描述：2018/12/6 20:42:31:设备10.5.32.132上线....
记录时间：2018-12-06 20:42:31,394 线程ID:[10] 日志级别：ERROR 类：Log property:[(null)] - 描述：2018/12/6 20:42:31:设备10.5.32.132上线....
记录时间：2018-12-06 20:42:31,395 线程ID:[10] 日志级别：ERROR 类：Log property:[(null)] - 描述：2018/12/6 20:42:31:设备10.5.32.132上线....
记录时间：2018-12-06 20:42:39,959 线程ID:[10] 日志级别：ERROR 类：Log property:[(null)] - 描述：2018/12/6 20:42:39:收到10.5.32.132ClientSendReady的请求
记录时间：2018-12-06 20:42:39,962 线程ID:[10] 日志级别：ERROR 类：Log property:[(null)] - 描述：2018/12/6 20:42:39:向客户端回复10.5.32.132ReceiveClientReady的请求
记录时间：2018-12-06 20:42:54,604 线程ID:[10] 日志级别：ERROR 类：Log property:[(null)] - 描述：2018/12/6 20:42:54:Begin-------------

记录时间：2018-12-06 20:43:02,899 线程ID:[10] 日志级别：ERROR 类：Log property:[(null)] - 描述：2018/12/6 20:43:01:2018/12/6 20:43:01:开始去送料区抓取产品

记录时间：2018-12-06 20:43:02,902 线程ID:[10] 日志级别：ERROR 类：Log property:[(null)] - 描述：2018/12/6 20:42:59:优先处理送料区

记录时间：2018-12-06 20:43:11,821 线程ID:[10] 日志级别：ERROR 类：Log property:[(null)] - 描述：2018/12/6 20:43:10:从送料区抓取设备

记录时间：2018-12-06 21:04:30,576 线程ID:[9] 日志级别：ERROR 类：Log property:[(null)] - 描述：程序启动
记录时间：2018-12-06 21:04:50,282 线程ID:[10] 日志级别：ERROR 类：Log property:[(null)] - 描述：程序启动
记录时间：2018-12-06 21:05:15,685 线程ID:[10] 日志级别：ERROR 类：Log property:[(null)] - 描述：程序启动
记录时间：2018-12-06 21:06:09,181 线程ID:[10] 日志级别：ERROR 类：Log property:[(null)] - 描述：2018/12/6 21:06:09:设备10.5.32.132上线....
记录时间：2018-12-06 21:06:18,191 线程ID:[10] 日志级别：ERROR 类：Log property:[(null)] - 描述：2018/12/6 21:06:18:设备10.5.32.132上线....
记录时间：2018-12-06 21:06:18,201 线程ID:[10] 日志级别：ERROR 类：Log property:[(null)] - 描述：2018/12/6 21:06:18:设备10.5.32.202上线....
记录时间：2018-12-06 21:06:18,751 线程ID:[10] 日志级别：ERROR 类：Log property:[(null)] - 描述：2018/12/6 21:06:18:设备10.5.32.202上线....
记录时间：2018-12-06 21:06:20,483 线程ID:[10] 日志级别：ERROR 类：Log property:[(null)] - 描述：2018/12/6 21:06:20:收到10.5.32.202ClientSendReady的请求
记录时间：2018-12-06 21:06:20,486 线程ID:[10] 日志级别：ERROR 类：Log property:[(null)] - 描述：2018/12/6 21:06:20:向客户端回复10.5.32.202ReceiveClientReady的请求
记录时间：2018-12-06 21:06:21,141 线程ID:[10] 日志级别：ERROR 类：Log property:[(null)] - 描述：2018/12/6 21:06:21:设备10.5.32.132上线....
记录时间：2018-12-06 21:06:21,142 线程ID:[10] 日志级别：ERROR 类：Log property:[(null)] - 描述：2018/12/6 21:06:21:设备10.5.32.132上线....
记录时间：2018-12-06 21:06:21,383 线程ID:[10] 日志级别：ERROR 类：Log property:[(null)] - 描述：2018/12/6 21:06:21:设备10.5.32.202上线....
记录时间：2018-12-06 21:06:29,643 线程ID:[10] 日志级别：ERROR 类：Log property:[(null)] - 描述：2018/12/6 21:06:29:Begin-------------

记录时间：2018-12-06 21:06:34,315 线程ID:[10] 日志级别：ERROR 类：Log property:[(null)] - 描述：2018/12/6 21:06:34:优先处理送料区

记录时间：2018-12-06 21:06:36,412 线程ID:[10] 日志级别：ERROR 类：Log property:[(null)] - 描述：2018/12/6 21:06:36:2018/12/6 21:06:36:开始去送料区抓取产品

记录时间：2018-12-06 21:06:41,301 线程ID:[10] 日志级别：ERROR 类：Log property:[(null)] - 描述：2018/12/6 21:06:41:从送料区抓取设备

记录时间：2018-12-06 21:07:04,480 线程ID:[10] 日志级别：ERROR 类：Log property:[(null)] - 描述：2018/12/6 21:07:02:开始扫描条码

记录时间：2018-12-06 21:07:28,431 线程ID:[10] 日志级别：ERROR 类：Log property:[(null)] - 描述：2018/12/6 21:07:28:当前扫描条码:331K1099

记录时间：2018-12-06 21:07:37,534 线程ID:[10] 日志级别：ERROR 类：Log property:[(null)] - 描述：2018/12/6 21:07:37:扫描条码结束

记录时间：2018-12-06 21:07:37,589 线程ID:[10] 日志级别：ERROR 类：Log property:[(null)] - 描述：2018/12/6 21:07:37:2018/12/6 21:07:37:MES请求信息:SENTRY-T2-5,331K1099,1,M009287,SENTRY,,OK,,,结果:FAIL1, NO SN

记录时间：2018-12-06 21:07:37,589 线程ID:[10] 日志级别：ERROR 类：Log property:[(null)] - 描述：2018/12/6 21:07:37:2018/12/6 21:07:37:移动到NG区域

记录时间：2018-12-06 21:07:37,589 线程ID:[10] 日志级别：ERROR 类：Log property:[(null)] - 描述：2018/12/6 21:07:37:2018/12/6 21:07:37:MES返回结果为FAIL,放置到2A区

记录时间：2018-12-06 21:07:43,091 线程ID:[10] 日志级别：ERROR 类：Log property:[(null)] - 描述：2018/12/6 21:07:43:2018/12/6 21:07:43:移动到2A

记录时间：2018-12-06 21:07:59,094 线程ID:[10] 日志级别：ERROR 类：Log property:[(null)] - 描述：2018/12/6 21:07:59:End-------------

记录时间：2018-12-06 21:08:02,094 线程ID:[10] 日志级别：ERROR 类：Log property:[(null)] - 描述：2018/12/6 21:08:02:没有设备可以抓取,回到原点

记录时间：2018-12-06 21:08:02,094 线程ID:[10] 日志级别：ERROR 类：Log property:[(null)] - 描述：2018/12/6 21:08:02:Begin-------------

记录时间：2018-12-06 21:08:04,596 线程ID:[10] 日志级别：ERROR 类：Log property:[(null)] - 描述：2018/12/6 21:08:04:End-------------

记录时间：2018-12-06 21:08:07,596 线程ID:[10] 日志级别：ERROR 类：Log property:[(null)] - 描述：2018/12/6 21:08:07:没有设备可以抓取,回到原点

记录时间：2018-12-06 21:08:07,596 线程ID:[10] 日志级别：ERROR 类：Log property:[(null)] - 描述：2018/12/6 21:08:07:Begin-------------

记录时间：2018-12-06 21:08:10,098 线程ID:[10] 日志级别：ERROR 类：Log property:[(null)] - 描述：2018/12/6 21:08:10:End-------------

记录时间：2018-12-06 21:08:13,099 线程ID:[10] 日志级别：ERROR 类：Log property:[(null)] - 描述：2018/12/6 21:08:13:2018/12/6 21:08:13:开始去送料区抓取产品

记录时间：2018-12-06 21:08:13,099 线程ID:[10] 日志级别：ERROR 类：Log property:[(null)] - 描述：2018/12/6 21:08:13:优先处理送料区

记录时间：2018-12-06 21:08:13,099 线程ID:[10] 日志级别：ERROR 类：Log property:[(null)] - 描述：2018/12/6 21:08:13:Begin-------------

记录时间：2018-12-06 21:08:14,100 线程ID:[10] 日志级别：ERROR 类：Log property:[(null)] - 描述：2018/12/6 21:08:14:从送料区抓取设备

记录时间：2018-12-06 21:08:32,105 线程ID:[10] 日志级别：ERROR 类：Log property:[(null)] - 描述：2018/12/6 21:08:32:开始扫描条码

记录时间：2018-12-06 21:08:46,814 线程ID:[10] 日志级别：ERROR 类：Log property:[(null)] - 描述：2018/12/6 21:08:46:当前扫描条码:H0699232610-17331K1099

记录时间：2018-12-06 21:08:55,915 线程ID:[10] 日志级别：ERROR 类：Log property:[(null)] - 描述：2018/12/6 21:08:55:扫描条码结束

记录时间：2018-12-06 21:08:55,958 线程ID:[10] 日志级别：ERROR 类：Log property:[(null)] - 描述：2018/12/6 21:08:55:2018/12/6 21:08:55:移动到NG区域

记录时间：2018-12-06 21:08:55,958 线程ID:[10] 日志级别：ERROR 类：Log property:[(null)] - 描述：2018/12/6 21:08:55:2018/12/6 21:08:55:MES返回结果为FAIL,放置到2A区

记录时间：2018-12-06 21:08:55,958 线程ID:[10] 日志级别：ERROR 类：Log property:[(null)] - 描述：2018/12/6 21:08:55:2018/12/6 21:08:55:MES请求信息:SENTRY-T2-5,H0699232610-17331K1099,1,M009287,SENTRY,,OK,,,结果:FAIL1,DIALOG=T2 OK. T2 FAIL AND GOTO T2R TO REPAIR

记录时间：2018-12-06 21:09:01,460 线程ID:[10] 日志级别：ERROR 类：Log property:[(null)] - 描述：2018/12/6 21:09:01:2018/12/6 21:09:01:移动到2A

记录时间：2018-12-06 21:09:17,463 线程ID:[10] 日志级别：ERROR 类：Log property:[(null)] - 描述：2018/12/6 21:09:17:End-------------

记录时间：2018-12-06 21:09:20,464 线程ID:[10] 日志级别：ERROR 类：Log property:[(null)] - 描述：2018/12/6 21:09:20:2018/12/6 21:09:20:开始去送料区抓取产品

记录时间：2018-12-06 21:09:20,464 线程ID:[10] 日志级别：ERROR 类：Log property:[(null)] - 描述：2018/12/6 21:09:20:优先处理送料区

记录时间：2018-12-06 21:09:20,465 线程ID:[10] 日志级别：ERROR 类：Log property:[(null)] - 描述：2018/12/6 21:09:20:Begin-------------

记录时间：2018-12-06 21:09:21,466 线程ID:[10] 日志级别：ERROR 类：Log property:[(null)] - 描述：2018/12/6 21:09:21:从送料区抓取设备

记录时间：2018-12-06 21:09:39,472 线程ID:[10] 日志级别：ERROR 类：Log property:[(null)] - 描述：2018/12/6 21:09:39:开始扫描条码

记录时间：2018-12-06 21:09:54,182 线程ID:[10] 日志级别：ERROR 类：Log property:[(null)] - 描述：2018/12/6 21:09:54:当前扫描条码:H0699232610-17331K1099

记录时间：2018-12-06 21:10:03,284 线程ID:[10] 日志级别：ERROR 类：Log property:[(null)] - 描述：2018/12/6 21:10:03:扫描条码结束

记录时间：2018-12-06 21:10:03,326 线程ID:[10] 日志级别：ERROR 类：Log property:[(null)] - 描述：2018/12/6 21:10:03:2018/12/6 21:10:03:移动到NG区域

记录时间：2018-12-06 21:10:03,327 线程ID:[10] 日志级别：ERROR 类：Log property:[(null)] - 描述：2018/12/6 21:10:03:2018/12/6 21:10:03:MES返回结果为FAIL,放置到2A区

记录时间：2018-12-06 21:10:03,327 线程ID:[10] 日志级别：ERROR 类：Log property:[(null)] - 描述：2018/12/6 21:10:03:2018/12/6 21:10:03:MES请求信息:SENTRY-T2-5,H0699232610-17331K1099,1,M009287,SENTRY,,OK,,,结果:FAIL1,DIALOG=T2 OK. T2 FAIL AND GOTO T2R TO REPAIR

记录时间：2018-12-06 21:10:08,828 线程ID:[10] 日志级别：ERROR 类：Log property:[(null)] - 描述：2018/12/6 21:10:08:2018/12/6 21:10:08:移动到2A

记录时间：2018-12-06 21:10:24,831 线程ID:[10] 日志级别：ERROR 类：Log property:[(null)] - 描述：2018/12/6 21:10:24:End-------------

记录时间：2018-12-06 21:10:27,831 线程ID:[10] 日志级别：ERROR 类：Log property:[(null)] - 描述：2018/12/6 21:10:27:2018/12/6 21:10:27:开始去送料区抓取产品

记录时间：2018-12-06 21:10:27,831 线程ID:[10] 日志级别：ERROR 类：Log property:[(null)] - 描述：2018/12/6 21:10:27:优先处理送料区

记录时间：2018-12-06 21:10:27,831 线程ID:[10] 日志级别：ERROR 类：Log property:[(null)] - 描述：2018/12/6 21:10:27:Begin-------------

记录时间：2018-12-06 21:10:28,832 线程ID:[10] 日志级别：ERROR 类：Log property:[(null)] - 描述：2018/12/6 21:10:28:从送料区抓取设备

记录时间：2018-12-06 21:10:46,837 线程ID:[10] 日志级别：ERROR 类：Log property:[(null)] - 描述：2018/12/6 21:10:46:开始扫描条码

记录时间：2018-12-06 21:11:01,547 线程ID:[10] 日志级别：ERROR 类：Log property:[(null)] - 描述：2018/12/6 21:11:01:当前扫描条码:H0699232610-17331K1099

记录时间：2018-12-06 21:11:10,649 线程ID:[10] 日志级别：ERROR 类：Log property:[(null)] - 描述：2018/12/6 21:11:10:扫描条码结束

记录时间：2018-12-06 21:11:10,695 线程ID:[10] 日志级别：ERROR 类：Log property:[(null)] - 描述：2018/12/6 21:11:10:2018/12/6 21:11:10:移动到NG区域

记录时间：2018-12-06 21:11:10,695 线程ID:[10] 日志级别：ERROR 类：Log property:[(null)] - 描述：2018/12/6 21:11:10:2018/12/6 21:11:10:MES返回结果为FAIL,放置到2A区

记录时间：2018-12-06 21:11:10,695 线程ID:[10] 日志级别：ERROR 类：Log property:[(null)] - 描述：2018/12/6 21:11:10:2018/12/6 21:11:10:MES请求信息:SENTRY-T2-5,H0699232610-17331K1099,1,M009287,SENTRY,,OK,,,结果:FAIL1,DIALOG=T2 OK. T2 FAIL AND GOTO T2R TO REPAIR

记录时间：2018-12-06 21:14:37,756 线程ID:[10] 日志级别：ERROR 类：Log property:[(null)] - 描述：程序启动
